[ 2019-05-27T18:45:14+08:00 ] ::1 /MyApp/YaoDaoApp/App/Index/index
INFO: [ app_init ] --START--
INFO: Run Behavior\BuildLiteBehavior [ RunTime:0.000027s ]
INFO: [ app_init ] --END-- [ RunTime:0.070895s ]
INFO: [ app_begin ] --START--
INFO: Run Behavior\ReadHtmlCacheBehavior [ RunTime:0.028997s ]
INFO: [ app_begin ] --END-- [ RunTime:0.029076s ]

[ 2019-05-27T18:45:14+08:00 ] ::1 /MyApp/YaoDaoApp/App/User/login
INFO: [ app_init ] --START--
INFO: Run Behavior\BuildLiteBehavior [ RunTime:0.000008s ]
INFO: [ app_init ] --END-- [ RunTime:0.000253s ]
INFO: [ app_begin ] --START--
INFO: Run Behavior\ReadHtmlCacheBehavior [ RunTime:0.000382s ]
INFO: [ app_begin ] --END-- [ RunTime:0.000409s ]
INFO: [ view_parse ] --START--
INFO: [ template_filter ] --START--
INFO: Run Behavior\ContentReplaceBehavior [ RunTime:0.037429s ]
INFO: [ template_filter ] --END-- [ RunTime:0.037479s ]
INFO: Run Behavior\ParseTemplateBehavior [ RunTime:0.096221s ]
INFO: [ view_parse ] --END-- [ RunTime:0.096302s ]
INFO: [ view_filter ] --START--
INFO: Run Behavior\WriteHtmlCacheBehavior [ RunTime:0.013037s ]
INFO: [ view_filter ] --END-- [ RunTime:0.013072s ]
INFO: [ app_end ] --START--
INFO: Run Behavior\ShowPageTraceBehavior [ RunTime:0.006747s ]
INFO: [ app_end ] --END-- [ RunTime:0.006784s ]

