[ 2019-03-13T21:41:20+08:00 ] ::1 /PHPlab/demo/User/index
INFO: [ app_init ] --START--
INFO: Run Behavior\BuildLiteBehavior [ RunTime:0.000008s ]
INFO: [ app_init ] --END-- [ RunTime:0.000266s ]
ERR: 无法加载模块:User

[ 2019-03-13T21:42:37+08:00 ] ::1 /PHPlab/demo/User/index
INFO: [ app_init ] --START--
INFO: Run Behavior\BuildLiteBehavior [ RunTime:0.000016s ]
INFO: [ app_init ] --END-- [ RunTime:0.000488s ]
ERR: 无法加载模块:User

[ 2019-03-13T21:43:03+08:00 ] ::1 /PHPlab/demo/User/index
INFO: [ app_init ] --START--
INFO: Run Behavior\BuildLiteBehavior [ RunTime:0.000014s ]
INFO: [ app_init ] --END-- [ RunTime:0.000466s ]
ERR: 无法加载模块:User

[ 2019-03-13T21:43:04+08:00 ] ::1 /PHPlab/demo/User/index
INFO: [ app_init ] --START--
INFO: Run Behavior\BuildLiteBehavior [ RunTime:0.000014s ]
INFO: [ app_init ] --END-- [ RunTime:0.000600s ]
ERR: 无法加载模块:User

[ 2019-03-13T21:45:20+08:00 ] ::1 /PHPlab/demo/User/index
INFO: [ app_init ] --START--
INFO: Run Behavior\BuildLiteBehavior [ RunTime:0.000013s ]
INFO: [ app_init ] --END-- [ RunTime:0.000488s ]
ERR: 无法加载模块:User

[ 2019-03-13T22:21:04+08:00 ] ::1 /PHPlab/demo/User/showlogin
INFO: [ app_init ] --START--
INFO: Run Behavior\BuildLiteBehavior [ RunTime:0.000011s ]
INFO: [ app_init ] --END-- [ RunTime:0.000394s ]
ERR: 无法加载模块:User

[ 2019-03-13T22:21:43+08:00 ] ::1 /PHPlab/demo/User/showlogin
INFO: [ app_init ] --START--
INFO: Run Behavior\BuildLiteBehavior [ RunTime:0.000017s ]
INFO: [ app_init ] --END-- [ RunTime:0.000481s ]
ERR: 无法加载模块:User

[ 2019-03-13T22:21:46+08:00 ] ::1 /PHPlab/demo/User/showlogin
INFO: [ app_init ] --START--
INFO: Run Behavior\BuildLiteBehavior [ RunTime:0.000010s ]
INFO: [ app_init ] --END-- [ RunTime:0.000389s ]
ERR: 无法加载模块:User

[ 2019-03-13T22:22:09+08:00 ] ::1 /PHPlab/demo/Index/index
INFO: [ app_init ] --START--
INFO: Run Behavior\BuildLiteBehavior [ RunTime:0.000020s ]
INFO: [ app_init ] --END-- [ RunTime:0.000613s ]
ERR: 无法加载模块:Index

[ 2019-03-13T22:22:14+08:00 ] ::1 /PHPlab/demo/Index/index
INFO: [ app_init ] --START--
INFO: Run Behavior\BuildLiteBehavior [ RunTime:0.000018s ]
INFO: [ app_init ] --END-- [ RunTime:0.000541s ]
ERR: 无法加载模块:Index

[ 2019-03-13T23:06:32+08:00 ] ::1 /PHPlab/demo/User/showregist
INFO: [ app_init ] --START--
INFO: Run Behavior\BuildLiteBehavior [ RunTime:0.000010s ]
INFO: [ app_init ] --END-- [ RunTime:0.000357s ]
ERR: 无法加载模块:User

